<?xml version="1.0" encoding="utf-8"?><testsuites><testsuite errors="0" failures="0" hostname="xxxmbp.local" name="pytest" skipped="2" tests="4" time="6.231" timestamp="2020-11-19T17:16:37.943364"><testcase classname="test_case.test_perpetual_contract.Test_perpetual_contract" name="test_notices" time="0.488" /><testcase classname="test_case.test_perpetual_contract.Test_perpetual_contract" name="test_create_account" time="0.465"><skipped message="预期失败" type="pytest.xfail" /></testcase><testcase classname="test_case.test_perpetual_contract.Test_perpetual_contract" name="test_transfer" time="0.000"><skipped message="跳过执行这条case" type="pytest.skip">/Users/xiaoxinxing/PycharmProjects/requests/coinyee_api/test_case/test_perpetual_contract.py:69: 跳过执行这条case</skipped></testcase><testcase classname="test_case.test_perpetual_contract.Test_perpetual_contract" name="test_transfer_records" time="0.384" /></testsuite></testsuites>